[Message:   BepInEx] BepInEx 5.4.21.0 - Mortal (8/20/2023 9:42:44 PM)
[Info   :   BepInEx] Running under Unity v2020.3.14.13685179
[Info   :   BepInEx] CLR runtime version: 4.0.30319.17020
[Info   :   BepInEx] Supports SRE: False
[Info   :   BepInEx] System platform: Bits64, Windows
[Message:   BepInEx] Preloader started
[Info   :   BepInEx] Loaded 1 patcher method from [BepInEx.Preloader 5.4.21.0]
[Info   :   BepInEx] 1 patcher plugin loaded
[Info   :   BepInEx] Patching [UnityEngine.CoreModule] with [BepInEx.Chainloader]
[Message:   BepInEx] Preloader finished
[Message:   BepInEx] Chainloader ready
[Message:   BepInEx] Chainloader started
[Info   :   BepInEx] 4 plugins to load
[Info   :   BepInEx] Loading [UnityExplorer 4.9.0]
[Message:UnityExplorer] UnityExplorer 4.9.0 initializing...
[Message:UnityExplorer] [UniverseLib] UniverseLib 1.5.1 initializing...
[Message:UnityExplorer] [UniverseLib] Finished UniverseLib initial setup.
[Message:UnityExplorer] Initialized UnityCrashPrevention for: Canvas.get_renderingDisplaySize
[Info   :   BepInEx] Loading [XUnity Auto Translator 5.3.0]
[Info   :XUnity.AutoTranslator] Version of TextMesh Pro: 1.4.0.
[Warning:  HarmonyX] AccessTools.Method: Could not find method for type TMPro.TMP_Text and name SetCharArray and parameters (int[], int, int)
[Warning:XUnity.AutoTranslator] Could not hook 'TMP_Text_SetCharArray_Hook3'. Likely due differences between different versions of the engine or text framework.
[Info   :XUnity.AutoTranslator] Loaded XUnity.AutoTranslator into Unity [2020.3.14f1] game.
[Info   :   BepInEx] Loading [XUnity Resource Redirector 2.1.0]
[Info   :   BepInEx] Loading [ZeSS Font Override 1.0.0]
[Info   :ZeSS Font Override] Plugin ZeSS.FontOverride.BepInEx5.Mono is loaded!
[Message:   BepInEx] Chainloader startup complete
[Info   :XUnity.AutoTranslator] Skipping plugin scan because no plugin-specific translations has been registered.
[Message:UnityExplorer] [UniverseLib] Initialized Legacy Input support
[Message:UnityExplorer] [UniverseLib] Loaded modern bundle for Unity 2020.3.14f1
[Message:UnityExplorer] [UniverseLib] UniverseLib 1.5.1 initialized.
[Message:UnityExplorer] Creating UI...
[Message:UnityExplorer] UnityExplorer 4.9.0 (Mono) initialized.
[Error  :XUnity.AutoTranslator] Error occurred while reading standard output from external process.
System.Threading.ThreadAbortException
  at (wrapper managed-to-native) System.IO.MonoIO.Read(intptr,byte[],int,int,System.IO.MonoIOError&)
  at System.IO.MonoIO.Read (System.Runtime.InteropServices.SafeHandle safeHandle, System.Byte[] dest, System.Int32 dest_offset, System.Int32 count, System.IO.MonoIOError& error) [0x00010] in <a1e9f114a6e64f4eacb529fc802ec93d>:0 
  at System.IO.FileStream.ReadData (System.Runtime.InteropServices.SafeHandle safeHandle, System.Byte[] buf, System.Int32 offset, System.Int32 count) [0x00002] in <a1e9f114a6e64f4eacb529fc802ec93d>:0 
  at System.IO.FileStream.ReadInternal (System.Byte[] dest, System.Int32 offset, System.Int32 count) [0x00026] in <a1e9f114a6e64f4eacb529fc802ec93d>:0 
  at System.IO.FileStream.Read (System.Byte[] array, System.Int32 offset, System.Int32 count) [0x000a1] in <a1e9f114a6e64f4eacb529fc802ec93d>:0 
  at System.IO.StreamReader.ReadBuffer () [0x000b3]